Application.obj : error LNK2019: unresolved external symbol glfwInit referenced in function "private: __cdecl Application::Application(void)" (??0Application@@AEAA@XZ)
Application.obj : error LNK2019: unresolved external symbol glfwTerminate referenced in function "private: __cdecl Application::Application(void)" (??0Application@@AEAA@XZ)
Application.obj : error LNK2019: unresolved external symbol glfwSetErrorCallback referenced in function "private: __cdecl Application::Application(void)" (??0Application@@AEAA@XZ)
Application.obj : error LNK2019: unresolved external symbol glfwCreateWindow referenced in function "private: __cdecl Application::Application(void)" (??0Application@@AEAA@XZ)
Application.obj : error LNK2019: unresolved external symbol glfwDestroyWindow referenced in function "public: __cdecl Application::~Application(void)" (??1Application@@QEAA@XZ)
Application.obj : error LNK2019: unresolved external symbol glfwSetWindowShouldClose referenced in function "public: void __cdecl Application::key_callback(struct GLFWwindow *,int,int,int,int)" (?key_callback@Application@@QEAAXPEAUGLFWwindow@@HHHH@Z)
Controller.obj : error LNK2001: unresolved external symbol glfwSetWindowShouldClose
Application.obj : error LNK2019: unresolved external symbol glfwGetFramebufferSize referenced in function "private: __cdecl Application::Application(void)" (??0Application@@AEAA@XZ)
Application.obj : error LNK2019: unresolved external symbol glfwSetWindowSizeCallback referenced in function "private: __cdecl Application::Application(void)" (??0Application@@AEAA@XZ)
Application.obj : error LNK2019: unresolved external symbol glfwSetWindowFocusCallback referenced in function "private: __cdecl Application::Application(void)" (??0Application@@AEAA@XZ)
Application.obj : error LNK2019: unresolved external symbol glfwSetWindowIconifyCallback referenced in function "private: __cdecl Application::Application(void)" (??0Application@@AEAA@XZ)
Application.obj : error LNK2019: unresolved external symbol glfwSetCursorPos referenced in function "public: void __cdecl Application::cursor_pos_callback(struct GLFWwindow *,double,double)" (?cursor_pos_callback@Application@@QEAAXPEAUGLFWwindow@@NN@Z)
Application.obj : error LNK2019: unresolved external symbol glfwSetKeyCallback referenced in function "private: __cdecl Application::Application(void)" (??0Application@@AEAA@XZ)
Application.obj : error LNK2019: unresolved external symbol glfwSetMouseButtonCallback referenced in function "private: __cdecl Application::Application(void)" (??0Application@@AEAA@XZ)
Application.obj : error LNK2019: unresolved external symbol glfwSetCursorPosCallback referenced in function "private: __cdecl Application::Application(void)" (??0Application@@AEAA@XZ)
Application.obj : error LNK2019: unresolved external symbol glfwMakeContextCurrent referenced in function "private: __cdecl Application::Application(void)" (??0Application@@AEAA@XZ)
Application.obj : error LNK2019: unresolved external symbol glfwSwapInterval referenced in function "private: __cdecl Application::Application(void)" (??0Application@@AEAA@XZ)
Renderer.obj : error LNK2019: unresolved external symbol glfwWindowShouldClose referenced in function "public: void __cdecl Renderer::renderScene(class Scene &)" (?renderScene@Renderer@@QEAAXAEAVScene@@@Z)
Renderer.obj : error LNK2019: unresolved external symbol glfwPollEvents referenced in function "public: void __cdecl Renderer::renderScene(class Scene &)" (?renderScene@Renderer@@QEAAXAEAVScene@@@Z)
Renderer.obj : error LNK2019: unresolved external symbol glfwSwapBuffers referenced in function "public: void __cdecl Renderer::renderScene(class Scene &)" (?renderScene@Renderer@@QEAAXAEAVScene@@@Z)
.\Libraries\glfw\lib-vc2015\glfw3.lib : warning LNK4272: library machine type 'X86' conflicts with target machine type 'x64'
C:\Users\Standard\documents\visual studio 2015\Projects\ZPG Project\x64\Debug\ZPG Project.exe : fatal error LNK1120: 19 unresolved externals
